<?xml version="1.0" encoding="UTF-8"?>
<!-- Generated by org.testng.reporters.JUnitReportReporter -->
<testsuite skipped="0" hostname="THSLT10073" name="APIs.userLoginPOST" tests="1" failures="0" timestamp="2021-02-10T10:34:44 IST" time="1.508" errors="0">
  <testcase name="LoginUserPOST" time="1.508" classname="APIs.userLoginPOST"/>
  <system-out/>
</testsuite> <!-- APIs.userLoginPOST -->
