<?xml version="1.0" encoding="UTF-8"?>
<!-- Generated by org.testng.reporters.JUnitReportReporter -->
<testsuite skipped="0" hostname="THSLT10073" name="APIs.userCreationPOST" tests="1" failures="0" timestamp="2021-02-10T01:15:56 IST" time="0.757" errors="0">
  <testcase name="CreatePOST" time="0.757" classname="APIs.userCreationPOST"/>
  <system-out/>
</testsuite> <!-- APIs.userCreationPOST -->
