<?xml version="1.0" encoding="UTF-8"?>
<!-- Generated by org.testng.reporters.JUnitReportReporter -->
<testsuite skipped="0" hostname="THSLT10073" name="APIs.userRegisterPOST" tests="1" failures="0" timestamp="2021-02-10T01:15:56 IST" time="5.617" errors="0">
  <testcase name="RegisteruserPOST" time="5.617" classname="APIs.userRegisterPOST"/>
  <system-out/>
</testsuite> <!-- APIs.userRegisterPOST -->
