<?xml version="1.0" encoding="UTF-8"?>
<!-- Generated by org.testng.reporters.JUnitReportReporter -->
<testsuite skipped="0" hostname="THSLT10073" name="APIs.userDELETE" tests="1" failures="0" timestamp="2021-02-10T01:15:56 IST" time="0.452" errors="0">
  <testcase name="DeleteUser" time="0.452" classname="APIs.userDELETE"/>
  <system-out/>
</testsuite> <!-- APIs.userDELETE -->
