<?xml version="1.0" encoding="UTF-8"?>
<!-- Generated by org.testng.reporters.JUnitReportReporter -->
<testsuite skipped="0" hostname="THSLT10073" name="APIs.userLoginPOST" tests="1" failures="0" timestamp="2021-02-10T01:15:56 IST" time="0.709" errors="0">
  <testcase name="LoginUserPOST" time="0.709" classname="APIs.userLoginPOST"/>
  <system-out/>
</testsuite> <!-- APIs.userLoginPOST -->
