<?xml version="1.0" encoding="UTF-8"?>
<!-- Generated by org.testng.reporters.JUnitReportReporter -->
<testsuite skipped="0" hostname="THSLT10073" name="APIs.usersinglelistGET" tests="1" failures="0" timestamp="2021-02-10T10:34:44 IST" time="0.746" errors="0">
  <testcase name="UserlistGET" time="0.746" classname="APIs.usersinglelistGET"/>
  <system-out/>
</testsuite> <!-- APIs.usersinglelistGET -->
