<?xml version="1.0" encoding="UTF-8"?>
<!-- Generated by org.testng.reporters.JUnitReportReporter -->
<testsuite skipped="0" hostname="THSLT10073" name="APIs.userDELETE" tests="1" failures="0" timestamp="2021-02-10T10:34:44 IST" time="1.346" errors="0">
  <testcase name="DeleteUser" time="1.346" classname="APIs.userDELETE"/>
  <system-out/>
</testsuite> <!-- APIs.userDELETE -->
