<?xml version="1.0" encoding="UTF-8"?>
<!-- Generated by org.testng.reporters.JUnitReportReporter -->
<testsuite skipped="0" hostname="THSLT10073" name="APIs.userRegisterPOST" tests="1" failures="0" timestamp="2021-02-10T10:34:44 IST" time="9.880" errors="0">
  <testcase name="RegisteruserPOST" time="9.880" classname="APIs.userRegisterPOST"/>
  <system-out/>
</testsuite> <!-- APIs.userRegisterPOST -->
