<?xml version="1.0" encoding="UTF-8"?>
<!-- Generated by org.testng.reporters.JUnitReportReporter -->
<testsuite skipped="0" hostname="THSLT10073" name="APIs.usersinglelistGET" tests="1" failures="0" timestamp="2021-02-10T01:15:56 IST" time="0.314" errors="0">
  <testcase name="test_01" time="0.314" classname="APIs.usersinglelistGET"/>
  <system-out/>
</testsuite> <!-- APIs.usersinglelistGET -->
